Fri Sep 05 21:58:25 CST 2014  [debug] AvalonLogSystem initialized using logfile 'E:\file\GitHub\Test\.metadata\.plugins\com.genuitec.eclipse.templates\velocity.log'
Fri Sep 05 21:58:25 CST 2014   [info] ************************************************************** 
Fri Sep 05 21:58:25 CST 2014   [info] Starting Jakarta Velocity v1.4
Fri Sep 05 21:58:25 CST 2014   [info] RuntimeInstance initializing.
Fri Sep 05 21:58:25 CST 2014   [info] Default Properties File: org\apache\velocity\runtime\defaults\velocity.properties
Fri Sep 05 21:58:25 CST 2014   [info] Trying to use logger class org.apache.velocity.runtime.log.AvalonLogSystem
Fri Sep 05 21:58:25 CST 2014   [info] Using logger class org.apache.velocity.runtime.log.AvalonLogSystem
Fri Sep 05 21:58:25 CST 2014   [info] Default ResourceManager initializing. (class org.apache.velocity.runtime.resource.ResourceManagerImpl)
Fri Sep 05 21:58:25 CST 2014   [info] Resource Loader Instantiated: com.genuitec.eclipse.templates.internal.PluginResourceLoader
Fri Sep 05 21:58:25 CST 2014   [info] ResourceCache : initialized. (class org.apache.velocity.runtime.resource.ResourceCacheImpl)
Fri Sep 05 21:58:25 CST 2014   [info] Default ResourceManager initialization complete.
Fri Sep 05 21:58:25 CST 2014   [info] Loaded System Directive: org.apache.velocity.runtime.directive.Literal
Fri Sep 05 21:58:25 CST 2014   [info] Loaded System Directive: org.apache.velocity.runtime.directive.Macro
Fri Sep 05 21:58:25 CST 2014   [info] Loaded System Directive: org.apache.velocity.runtime.directive.Parse
Fri Sep 05 21:58:25 CST 2014   [info] Loaded System Directive: org.apache.velocity.runtime.directive.Include
Fri Sep 05 21:58:25 CST 2014   [info] Loaded System Directive: org.apache.velocity.runtime.directive.Foreach
Fri Sep 05 21:58:25 CST 2014   [info] Created: 20 parsers.
Fri Sep 05 21:58:25 CST 2014   [info] Velocimacro : initialization starting.
Fri Sep 05 21:58:25 CST 2014   [info] Velocimacro : adding VMs from VM library template : VM_global_library.vm
Fri Sep 05 21:58:25 CST 2014   [info] ResourceManager : found VM_global_library.vm with loader com.genuitec.eclipse.templates.internal.PluginResourceLoader
Fri Sep 05 21:58:25 CST 2014   [info] Velocimacro :  VM library template macro registration complete.
Fri Sep 05 21:58:25 CST 2014   [info] Velocimacro : allowInline = true : VMs can be defined inline in templates
Fri Sep 05 21:58:25 CST 2014   [info] Velocimacro : allowInlineToOverride = true : VMs defined inline may replace previous VM definitions
Fri Sep 05 21:58:25 CST 2014   [info] Velocimacro : allowInlineLocal = true : VMs defined inline will be local to their defining template only.
Fri Sep 05 21:58:25 CST 2014   [info] Velocimacro : messages on  : VM system will output logging messages
Fri Sep 05 21:58:25 CST 2014   [info] Velocimacro : autoload off  : VM system will not automatically reload global library macros
Fri Sep 05 21:58:25 CST 2014   [info] Velocimacro : initialization complete.
Fri Sep 05 21:58:25 CST 2014   [info] Velocity successfully started.
Fri Sep 05 21:58:25 CST 2014   [info] ResourceManager : found data/1.2/applicationContext-template-2.xml.vtl with loader com.genuitec.eclipse.templates.internal.PluginResourceLoader
